<?xml version="1.0" encoding="UTF-8"?>
<!-- Generated by org.testng.reporters.JUnitXMLReporter -->
<testsuite ignored="0" hostname="DESKTOP-AP4JK8A" failures="0" tests="5" name="HybridAutomation Test" time="18.716" errors="0" timestamp="2024-01-24T22:07:12 IST">
  <testcase classname="com.HybridAutomation.testCases.TC_LoginTest_001" name="loginTest" time="2.627"/>
  <testcase classname="com.HybridAutomation.testCases.TC_LoginDDT_002" name="loginDDT" time="2.29"/>
  <testcase classname="com.HybridAutomation.testCases.TC_LoginDDT_002" name="loginDDT" time="0.461"/>
  <testcase classname="com.HybridAutomation.testCases.TC_LoginDDT_002" name="loginDDT" time="5.362"/>
  <testcase classname="com.HybridAutomation.testCases.TC_LoginDDT_002" name="loginDDT" time="0.345"/>
</testsuite> <!-- HybridAutomation Test -->
