<?xml version="1.0" encoding="UTF-8"?>
<!-- Generated by org.testng.reporters.JUnitXMLReporter -->
<testsuite ignored="0" hostname="DESKTOP-AP4JK8A" failures="0" tests="5" name="HybridAutomation Test" time="20.408" errors="0" timestamp="2024-01-24T21:54:53 IST">
  <testcase classname="com.HybridAutomation.testCases.TC_LoginTest_001" name="loginTest" time="2.567"/>
  <testcase classname="com.HybridAutomation.testCases.TC_LoginDDT_002" name="loginDDT" time="1.452"/>
  <testcase classname="com.HybridAutomation.testCases.TC_LoginDDT_002" name="loginDDT" time="0.446"/>
  <testcase classname="com.HybridAutomation.testCases.TC_LoginDDT_002" name="loginDDT" time="5.403"/>
  <testcase classname="com.HybridAutomation.testCases.TC_LoginDDT_002" name="loginDDT" time="0.365"/>
</testsuite> <!-- HybridAutomation Test -->
