<?xml version="1.0" encoding="UTF-8"?>
<!-- Generated by org.testng.reporters.JUnitXMLReporter -->
<testsuite ignored="0" hostname="DESKTOP-AP4JK8A" failures="0" tests="4" name="Default test" time="14.765" errors="0" timestamp="2024-01-24T21:41:00 IST">
  <testcase classname="com.HybridAutomation.testCases.TC_LoginDDT_002" name="loginDDT" time="2.947"/>
  <testcase classname="com.HybridAutomation.testCases.TC_LoginDDT_002" name="loginDDT" time="1.162"/>
  <testcase classname="com.HybridAutomation.testCases.TC_LoginDDT_002" name="loginDDT" time="0.553"/>
  <testcase classname="com.HybridAutomation.testCases.TC_LoginDDT_002" name="loginDDT" time="0.433"/>
</testsuite> <!-- Default test -->
