<?xml version="1.0" encoding="UTF-8"?>
<testsuite name="TestSuite" time="4.952" tests="5" errors="0" skipped="0" failures="0">
  <properties>
[...]
</properties>
  <testcase name="loginTest" classname="com.HybridAutomation.testCases.TC_LoginTest_001" time="2.654"/>
  <testcase name="loginDDT" classname="com.HybridAutomation.testCases.TC_LoginDDT_002" time="2.298"/>
  <testcase name="loginDDT" classname="com.HybridAutomation.testCases.TC_LoginDDT_002" time="0.456"/>
  <testcase name="loginDDT" classname="com.HybridAutomation.testCases.TC_LoginDDT_002" time="5.362"/>
  <testcase name="loginDDT" classname="com.HybridAutomation.testCases.TC_LoginDDT_002" time="0.346"/>
</testsuite>