<?xml version="1.0" encoding="UTF-8"?>
<testng-results ignored="0" total="5" passed="5" failed="0" skipped="0">
  <reporter-output>
  </reporter-output>
  <suite started-at="2024-01-24T22:06:53 IST" name="HybridAutomation" finished-at="2024-01-24T22:07:12 IST" duration-ms="18716">
    <groups>
    </groups>
    <test started-at="2024-01-24T22:06:53 IST" name="HybridAutomation Test" finished-at="2024-01-24T22:07:12 IST" duration-ms="18716">
      <class name="com.HybridAutomation.testCases.TC_LoginDDT_002">
        <test-method is-config="true" signature="setup()[pri:0, instance:com.HybridAutomation.testCases.TC_LoginDDT_002@20d3d15a]" started-at="2024-01-24T22:07:01 IST" name="setup" finished-at="2024-01-24T22:07:02 IST" duration-ms="984" status="PASS">
          <reporter-output>
          </reporter-output>
        </test-method> <!-- setup -->
        <test-method signature="loginDDT(java.lang.String,java.lang.String)[pri:0, instance:com.HybridAutomation.testCases.TC_LoginDDT_002@20d3d15a]" started-at="2024-01-24T22:07:03 IST" name="loginDDT" data-provider="CredentailsSupplier" finished-at="2024-01-24T22:07:05 IST" duration-ms="2290" status="PASS">
          <params>
            <param index="0">
              <value>
                <![CDATA[standard_user]]>
              </value>
            </param>
            <param index="1">
              <value>
                <![CDATA[secret_sauce]]>
              </value>
            </param>
          </params>
          <reporter-output>
          </reporter-output>
        </test-method> <!-- loginDDT -->
        <test-method signature="loginDDT(java.lang.String,java.lang.String)[pri:0, instance:com.HybridAutomation.testCases.TC_LoginDDT_002@20d3d15a]" started-at="2024-01-24T22:07:05 IST" name="loginDDT" data-provider="CredentailsSupplier" finished-at="2024-01-24T22:07:06 IST" duration-ms="461" status="PASS">
          <params>
            <param index="0">
              <value>
                <![CDATA[locked_out_user]]>
              </value>
            </param>
            <param index="1">
              <value>
                <![CDATA[secret_sauce]]>
              </value>
            </param>
          </params>
          <reporter-output>
          </reporter-output>
        </test-method> <!-- loginDDT -->
        <test-method signature="loginDDT(java.lang.String,java.lang.String)[pri:0, instance:com.HybridAutomation.testCases.TC_LoginDDT_002@20d3d15a]" started-at="2024-01-24T22:07:06 IST" name="loginDDT" data-provider="CredentailsSupplier" finished-at="2024-01-24T22:07:11 IST" duration-ms="5362" status="PASS">
          <params>
            <param index="0">
              <value>
                <![CDATA[performance_glitch_user]]>
              </value>
            </param>
            <param index="1">
              <value>
                <![CDATA[secret_sauce]]>
              </value>
            </param>
          </params>
          <reporter-output>
          </reporter-output>
        </test-method> <!-- loginDDT -->
        <test-method signature="loginDDT(java.lang.String,java.lang.String)[pri:0, instance:com.HybridAutomation.testCases.TC_LoginDDT_002@20d3d15a]" started-at="2024-01-24T22:07:11 IST" name="loginDDT" data-provider="CredentailsSupplier" finished-at="2024-01-24T22:07:12 IST" duration-ms="345" status="PASS">
          <params>
            <param index="0">
              <value>
                <![CDATA[visual_user]]>
              </value>
            </param>
            <param index="1">
              <value>
                <![CDATA[secret_sauce]]>
              </value>
            </param>
          </params>
          <reporter-output>
          </reporter-output>
        </test-method> <!-- loginDDT -->
        <test-method is-config="true" signature="teardown()[pri:0, instance:com.HybridAutomation.testCases.TC_LoginDDT_002@20d3d15a]" started-at="2024-01-24T22:07:12 IST" name="teardown" finished-at="2024-01-24T22:07:12 IST" duration-ms="219" status="PASS">
          <reporter-output>
          </reporter-output>
        </test-method> <!-- teardown -->
      </class> <!-- com.HybridAutomation.testCases.TC_LoginDDT_002 -->
      <class name="com.HybridAutomation.testCases.TC_LoginTest_001">
        <test-method is-config="true" signature="setup()[pri:0, instance:com.HybridAutomation.testCases.TC_LoginTest_001@123f1134]" started-at="2024-01-24T22:06:54 IST" name="setup" finished-at="2024-01-24T22:06:58 IST" duration-ms="4238" status="PASS">
          <reporter-output>
          </reporter-output>
        </test-method> <!-- setup -->
        <test-method signature="loginTest()[pri:0, instance:com.HybridAutomation.testCases.TC_LoginTest_001@123f1134]" started-at="2024-01-24T22:06:58 IST" name="loginTest" finished-at="2024-01-24T22:07:00 IST" duration-ms="2627" status="PASS">
          <reporter-output>
          </reporter-output>
        </test-method> <!-- loginTest -->
        <test-method is-config="true" signature="teardown()[pri:0, instance:com.HybridAutomation.testCases.TC_LoginTest_001@123f1134]" started-at="2024-01-24T22:07:00 IST" name="teardown" finished-at="2024-01-24T22:07:01 IST" duration-ms="164" status="PASS">
          <reporter-output>
          </reporter-output>
        </test-method> <!-- teardown -->
      </class> <!-- com.HybridAutomation.testCases.TC_LoginTest_001 -->
    </test> <!-- HybridAutomation Test -->
  </suite> <!-- HybridAutomation -->
</testng-results>
