<?xml version="1.0" encoding="UTF-8"?>
<testng-results ignored="0" total="5" passed="5" failed="0" skipped="0">
  <reporter-output>
  </reporter-output>
  <suite started-at="2024-01-24T21:54:32 IST" name="HybridAutomation" finished-at="2024-01-24T21:54:53 IST" duration-ms="20408">
    <groups>
    </groups>
    <test started-at="2024-01-24T21:54:32 IST" name="HybridAutomation Test" finished-at="2024-01-24T21:54:53 IST" duration-ms="20408">
      <class name="com.HybridAutomation.testCases.TC_LoginDDT_002">
        <test-method is-config="true" signature="setup()[pri:0, instance:com.HybridAutomation.testCases.TC_LoginDDT_002@1e6a3214]" started-at="2024-01-24T21:54:42 IST" name="setup" finished-at="2024-01-24T21:54:43 IST" duration-ms="1234" status="PASS">
          <reporter-output>
          </reporter-output>
        </test-method> <!-- setup -->
        <test-method signature="loginDDT(java.lang.String,java.lang.String)[pri:0, instance:com.HybridAutomation.testCases.TC_LoginDDT_002@1e6a3214]" started-at="2024-01-24T21:54:45 IST" name="loginDDT" data-provider="CredentailsSupplier" finished-at="2024-01-24T21:54:46 IST" duration-ms="1452" status="PASS">
          <params>
            <param index="0">
              <value>
                <![CDATA[standard_user]]>
              </value>
            </param>
            <param index="1">
              <value>
                <![CDATA[secret_sauce]]>
              </value>
            </param>
          </params>
          <reporter-output>
          </reporter-output>
        </test-method> <!-- loginDDT -->
        <test-method signature="loginDDT(java.lang.String,java.lang.String)[pri:0, instance:com.HybridAutomation.testCases.TC_LoginDDT_002@1e6a3214]" started-at="2024-01-24T21:54:46 IST" name="loginDDT" data-provider="CredentailsSupplier" finished-at="2024-01-24T21:54:47 IST" duration-ms="446" status="PASS">
          <params>
            <param index="0">
              <value>
                <![CDATA[locked_out_user]]>
              </value>
            </param>
            <param index="1">
              <value>
                <![CDATA[secret_sauce]]>
              </value>
            </param>
          </params>
          <reporter-output>
          </reporter-output>
        </test-method> <!-- loginDDT -->
        <test-method signature="loginDDT(java.lang.String,java.lang.String)[pri:0, instance:com.HybridAutomation.testCases.TC_LoginDDT_002@1e6a3214]" started-at="2024-01-24T21:54:47 IST" name="loginDDT" data-provider="CredentailsSupplier" finished-at="2024-01-24T21:54:52 IST" duration-ms="5403" status="PASS">
          <params>
            <param index="0">
              <value>
                <![CDATA[performance_glitch_user]]>
              </value>
            </param>
            <param index="1">
              <value>
                <![CDATA[secret_sauce]]>
              </value>
            </param>
          </params>
          <reporter-output>
          </reporter-output>
        </test-method> <!-- loginDDT -->
        <test-method signature="loginDDT(java.lang.String,java.lang.String)[pri:0, instance:com.HybridAutomation.testCases.TC_LoginDDT_002@1e6a3214]" started-at="2024-01-24T21:54:52 IST" name="loginDDT" data-provider="CredentailsSupplier" finished-at="2024-01-24T21:54:53 IST" duration-ms="365" status="PASS">
          <params>
            <param index="0">
              <value>
                <![CDATA[visual_user]]>
              </value>
            </param>
            <param index="1">
              <value>
                <![CDATA[secret_sauce]]>
              </value>
            </param>
          </params>
          <reporter-output>
          </reporter-output>
        </test-method> <!-- loginDDT -->
        <test-method is-config="true" signature="teardown()[pri:0, instance:com.HybridAutomation.testCases.TC_LoginDDT_002@1e6a3214]" started-at="2024-01-24T21:54:53 IST" name="teardown" finished-at="2024-01-24T21:54:53 IST" duration-ms="217" status="PASS">
          <reporter-output>
          </reporter-output>
        </test-method> <!-- teardown -->
      </class> <!-- com.HybridAutomation.testCases.TC_LoginDDT_002 -->
      <class name="com.HybridAutomation.testCases.TC_LoginTest_001">
        <test-method is-config="true" signature="setup()[pri:0, instance:com.HybridAutomation.testCases.TC_LoginTest_001@6340e5f0]" started-at="2024-01-24T21:54:33 IST" name="setup" finished-at="2024-01-24T21:54:39 IST" duration-ms="6110" status="PASS">
          <reporter-output>
          </reporter-output>
        </test-method> <!-- setup -->
        <test-method signature="loginTest()[pri:0, instance:com.HybridAutomation.testCases.TC_LoginTest_001@6340e5f0]" started-at="2024-01-24T21:54:39 IST" name="loginTest" finished-at="2024-01-24T21:54:42 IST" duration-ms="2567" status="PASS">
          <reporter-output>
          </reporter-output>
        </test-method> <!-- loginTest -->
        <test-method is-config="true" signature="teardown()[pri:0, instance:com.HybridAutomation.testCases.TC_LoginTest_001@6340e5f0]" started-at="2024-01-24T21:54:42 IST" name="teardown" finished-at="2024-01-24T21:54:42 IST" duration-ms="195" status="PASS">
          <reporter-output>
          </reporter-output>
        </test-method> <!-- teardown -->
      </class> <!-- com.HybridAutomation.testCases.TC_LoginTest_001 -->
    </test> <!-- HybridAutomation Test -->
  </suite> <!-- HybridAutomation -->
</testng-results>
